<?xml version="1.0" encoding="UTF-8"?><testsuite errors="0" failures="0" name="com.studentapp.junit.studentsinfo.StudentsCRUDTest" skipped="0" tests="4" time="1.39" timestamp="2019-08-31 12:01:49"><testcase classname="com.studentapp.junit.studentsinfo.StudentsCRUDTest" name="This test method will create a new Student"/><testcase classname="com.studentapp.junit.studentsinfo.StudentsCRUDTest" name="Verify if the student is added to the Application"/><testcase classname="com.studentapp.junit.studentsinfo.StudentsCRUDTest" name="Update the user information and verify updated informatoin"/><testcase classname="com.studentapp.junit.studentsinfo.StudentsCRUDTest" name="Delete the student and verify if the student is deleted"/></testsuite>